|times:	 0.0 	 9000.0

Using 305 data

time -p gtselect infile=ph.fits outfile=FT1_filt.fits ra=110.847 dec=-73.7732 rad=10.0 tmin=463917049.176424 tmax=463926049.176424 emin=100.0 emax=10000.0 zmin=0.0 zmax=100.0 evclass=32 evtype=3 convtype=-1 phasemin=0.0 phasemax=1.0 evtable="EVENTS" chatter=2 clobber=yes debug=no gui=no mode="ql"
Done.
real 0.07
user 0.17
sys 0.36

Selected 20 events.
time -p gtbin evfile=FT1_filt.fits scfile=NONE outfile=FT1_skymap.fits algorithm="CMAP" ebinalg="LOG" emin=100.0 emax=10000.0 enumbins=37 denergy=0.0 ebinfile=NONE tbinalg="LIN" tstart=0.0 tstop=0.0 dtime=0.0 tbinfile=NONE snratio=0.0 lcemin=0.0 lcemax=0.0 nxpix=100 nypix=100 binsz=0.2 coordsys="CEL" xref=110.847 yref=-73.7732 axisrot=0.0 rafield="RA" decfield="DEC" proj="AIT" hpx_ordering_scheme="RING" hpx_order=3 hpx_ebin=yes hpx_region="" evtable="EVENTS" sctable="SC_DATA" efield="ENERGY" tfield="TIME" chatter=2 clobber=yes debug=no gui=no mode="ql"
This is gtbin version HEAD
gtbin: WARNING: No spacecraft file: EXPOSURE keyword will be set equal to ontime.
real 0.05
user 0.05
sys 0.00
time -p gtltcube evfile="FT1_filt.fits" evtable="EVENTS" scfile=sc.fits sctable="SC_DATA" outfile=FT1_ltCube.fits dcostheta=0.025 binsz=1.0 phibins=0 tmin=0.0 tmax=0.0 file_version="1" zmin=0.0 zmax=180.0 chatter=2 clobber=yes debug=no gui=no mode="ql"
Working on file sc.fits
......................!
real 0.39
user 0.48
sys 0.57
time -p gtexpmap evfile=FT1_filt.fits evtable="EVENTS" scfile=sc.fits sctable="SC_DATA" expcube=FT1_ltCube.fits outfile=FT1_expMap.fits irfs="P8R3_TRANSIENT010E_V3" evtype="INDEF" srcrad=10.0 nlong=100 nlat=100 nenergies=25 submap=no nlongmin=0 nlongmax=0 nlatmin=0 nlatmax=0 chatter=2 clobber=yes debug=no gui=no mode="ql"
The exposure maps generated by this tool are meant
to be used for *unbinned* likelihood analysis only.
Do not use them for binned analyses.
The radius of the source region, 10, should be significantly larger (say by 10 deg) than the ROI radius of 5
Computing the ExposureMap using FT1_ltCube.fits
....................!
real 49.66
user 48.84
sys 1.48

Found Isotropic template for irf p8_transient010e: /home/biswa/anaconda3/envs/fermi/share/fermitools/refdata/fermi/galdiffuse/iso_P8R3_TRANSIENT010E_V3_v1.txt

Found Galactic template for IRF. p8_transient010e: /home/biswa/anaconda3/envs/fermi/share/fermitools/refdata/fermi/galdiffuse/gll_iem_v07.fits

Cutting the template around the ROI: 

addFGLsources( 110.847 -73.7732 18.0 GRB_model.xml 1000000000000.0 )
Keeping point source 4FGL J0358.0-6946 (15.98 deg away)...
Keeping point source 4FGL J0319.4-7045 (17.98 deg away)...
Keeping point source 4FGL J0353.0-6831 (17.12 deg away)...
Keeping point source 4FGL J0744.2-6918 (4.76 deg away)...
Keeping point source 4FGL J0719.1-7055 (2.86 deg away)...
Keeping point source 4FGL J0416.0-6628 (16.93 deg away)...
Keeping point source 4FGL J0427.8-6704 (15.68 deg away)...
Keeping point source 4FGL J0443.3-6652 (14.75 deg away)...
Keeping point source 4FGL J0509.9-6417 (14.90 deg away)...
Keeping point source 4FGL J0912.1-6449 (12.92 deg away)...
Keeping point source 4FGL J0642.9-6501 (9.42 deg away)...
Keeping point source 4FGL J0644.4-6712 (7.30 deg away)...
Keeping point source 4FGL J0659.6-6742 (6.36 deg away)...
Keeping point source 4FGL J0700.5-6610 (7.83 deg away)...
Keeping point source 4FGL J0524.7-8304 (10.75 deg away)...
Keeping point source 4FGL J0532.9-8325 (10.83 deg away)...
Keeping point source 4FGL J0533.0-8446 (11.84 deg away)...
Keeping point source 4FGL J0543.5-8741 (14.16 deg away)...
Keeping point source 4FGL J0439.6-8322 (12.01 deg away)...
Keeping point source 4FGL J0601.4-6057 (14.87 deg away)...
Keeping point source 4FGL J0608.1-6028 (15.02 deg away)...
Keeping point source 4FGL J0610.9-6054 (14.49 deg away)...
Keeping point source 4FGL J1130.5-7801 (14.83 deg away)...
Keeping point source 4FGL J1208.2-7810 (16.62 deg away)...
Keeping point source 4FGL J0622.4-6433 (10.62 deg away)...
Keeping point source 4FGL J0628.8-6250 (11.97 deg away)...
Keeping point source 4FGL J0647.7-6058 (13.21 deg away)...
('SpatialMap', True)
Keeping diffuse source 4FGL J0530.0-6900e (10.09 deg away) using template /home/biswa/anaconda3/envs/fermi/share/fermitools/data/pyBurstAnalysisGUI/templates/LMC-30DorWest.fits...
Keeping diffuse source 4FGL J0530.0-6900e (10.09 deg away) using spatial model SpatialMap...
('SpatialMap', True)
Keeping diffuse source 4FGL J0500.9-6945e (11.63 deg away) using template /home/biswa/anaconda3/envs/fermi/share/fermitools/data/pyBurstAnalysisGUI/templates/LMC-FarWest.fits...
Keeping diffuse source 4FGL J0500.9-6945e (11.63 deg away) using spatial model SpatialMap...
('SpatialMap', True)
Keeping diffuse source 4FGL J0519.9-6845e (10.94 deg away) using template /home/biswa/anaconda3/envs/fermi/share/fermitools/data/pyBurstAnalysisGUI/templates/LMC-Galaxy.fits...
Keeping diffuse source 4FGL J0519.9-6845e (10.94 deg away) using spatial model SpatialMap...
Keeping point source 4FGL J0524.8-6938 (10.04 deg away)...
Keeping point source 4FGL J0535.2-6736 (10.72 deg away)...
Keeping point source 4FGL J0537.8-6909 (9.46 deg away)...
Keeping point source 4FGL J0540.3-6920 (9.17 deg away)...
Keeping point source 4FGL J0511.4-6804 (11.97 deg away)...
Keeping point source 4FGL J0730.7-6602 (7.75 deg away)...
Keeping point source 4FGL J0739.8-6722 (6.55 deg away)...
Keeping point source 4FGL J0715.3-6828 (5.33 deg away)...
Keeping point source 4FGL J0658.1-5840 (15.29 deg away)...
Keeping point source 4FGL J0712.8-5637 (17.17 deg away)...
Keeping point source 4FGL J1224.7-8313 (15.89 deg away)...
Keeping point source 4FGL J1259.0-8148 (17.33 deg away)...
Keeping point source 4FGL J0313.6-7508 (16.01 deg away)...
Keeping point source 4FGL J0958.1-6753 (13.67 deg away)...
Keeping point source 4FGL J1348.5-8700 (16.81 deg away)...
Keeping point source 4FGL J0700.1-6311 (10.79 deg away)...
Keeping point source 4FGL J0712.0-6431 (9.30 deg away)...
Keeping point source 4FGL J0720.0-6237 (11.16 deg away)...
Keeping point source 4FGL J0940.3-7610 (9.05 deg away)...
Keeping point source 4FGL J0953.4-7659 (9.80 deg away)...
Keeping point source 4FGL J0734.4-7711 (3.48 deg away)...
Keeping point source 4FGL J0807.2-7630 (3.91 deg away)...
Keeping point source 4FGL J0811.0-7529 (3.59 deg away)...
Keeping point source 4FGL J0533.1-6119 (16.00 deg away)...
Keeping point source 4FGL J0507.7-6104 (17.72 deg away)...
Keeping point source 4FGL J0516.7-6207 (16.27 deg away)...
Keeping point source 4FGL J0525.6-6013 (17.39 deg away)...
Keeping point source 4FGL J1029.3-6657 (16.49 deg away)...
Keeping point source 4FGL J1035.4-6720 (16.65 deg away)...
Keeping point source 4FGL J1015.1-6353 (17.79 deg away)...
Keeping point source 4FGL J0836.6-6036 (14.82 deg away)...
Keeping point source 4FGL J0842.3-6053 (14.80 deg away)...
Keeping point source 4FGL J0855.0-6026 (15.81 deg away)...
('SpatialMap', True)
Keeping diffuse source 4FGL J0531.8-6639e (11.64 deg away) using template /home/biswa/anaconda3/envs/fermi/share/fermitools/data/pyBurstAnalysisGUI/templates/LMC-North.fits...
Keeping diffuse source 4FGL J0531.8-6639e (11.64 deg away) using spatial model SpatialMap...
Keeping point source 4FGL J0539.2-6333 (13.71 deg away)...
Keeping point source 4FGL J0802.1-5612 (17.99 deg away)...
Keeping point source 4FGL J0829.7-5856 (16.12 deg away)...
Keeping point source 4FGL J0540.0-7552 (7.02 deg away)...
Keeping point source 4FGL J0558.8-7459 (5.78 deg away)...
Keeping point source 4FGL J0635.6-7518 (3.53 deg away)...
Keeping point source 4FGL J0449.6-8100 (10.72 deg away)...
Keeping point source 4FGL J0224.0-7941 (16.72 deg away)...
Keeping point source 4FGL J0250.2-8224 (15.11 deg away)...
Keeping point source 4FGL J0303.3-7913 (15.14 deg away)...
Keeping point source 4FGL J0737.3-8247 (9.04 deg away)...
Keeping point source 4FGL J1136.8-7413 (16.65 deg away)...
Keeping point source 4FGL J0824.1-6004 (14.83 deg away)...
Keeping point source 4FGL J0807.0-6102 (13.35 deg away)...
Keeping point source 4FGL J0919.5-6203 (15.69 deg away)...
Keeping point source 4FGL J0921.7-6317 (14.78 deg away)...
 **********
 **    1 **SET PRINT     .000    
 **********
 **********
 **    2 **SET NOWARN 
 **********

 PARAMETER DEFINITIONS:
    NO.   NAME         VALUE      STEP SIZE      LIMITS
     1 'Normalizat'    1.0000       1.0000         .10000       10.000    
     2 'Integral  '    .10000E-01   1.0000         .10000E-04   1000.0    
     3 'Index     '   -2.0000       1.0000        -6.0000       .10000E-01
 **********
 **    3 **SET ERR    .5000    
 **********
 **********
 **    4 **SET GRAD    1.000    
 **********
 **********
 **    5 **MINIMIZE    .3350E+05   2.000    
 **********

 MIGRAD MINIMIZATION HAS CONVERGED.

 MIGRAD WILL VERIFY CONVERGENCE AND ERROR MATRIX.

 FCN=   195.9324     FROM MIGRAD    STATUS=CONVERGED     64 CALLS       65 TOTAL
                     EDM=   .22E-05    STRATEGY= 1      ERROR MATRIX ACCURATE 

  EXT PARAMETER                                   STEP         FIRST   
  NO.   NAME        VALUE          ERROR          SIZE      DERIVATIVE 
   1  Normalizat    .54091        .99043        .12145        .43904E-03
   2  Integral      .15779E-03    .29552E-03    .18486E-03** at limit **
   3  Index        -6.0000        4.5506        .36384        .62328E-03
                               ERR DEF=  .500    
Final values: 
  Normalizat = 0.540908
  Integral   = 0.000157789
  Index      = -6
 **********
 **    6 **HESSE 
 **********

 FCN=   195.9324     FROM HESSE     STATUS=OK            16 CALLS       81 TOTAL
                     EDM=   .18E-05    STRATEGY= 1      ERROR MATRIX ACCURATE 

  EXT PARAMETER                                INTERNAL      INTERNAL  
  NO.   NAME        VALUE          ERROR       STEP SIZE       VALUE   
   1  Normalizat    .54091        .96685        .53772E-03   -1.1455    
   2  Integral      .15779E-03    .28488E-03    .81012E-06   -1.5716    
                                 WARNING -   - ABOVE PARAMETER IS AT LIMIT.
   3  Index        -6.0000        4.5390        .10790E-01   -1.5692    
                               ERR DEF=  .500    
Minuit fit quality: 3   estimated distance: 1.82334e-06
Minuit parameter uncertainties:
  1  1.00719
  2  0.000284877
  3  0.0075763
 **********
 **    1 **SET PRINT    2.000    
 **********
 **********
 **    2 **SET NOWARN 
 **********

 PARAMETER DEFINITIONS:
    NO.   NAME         VALUE      STEP SIZE      LIMITS
     1 'Normalizat'    .54091       1.0000         .10000       10.000    
     2 'Integral  '    .15779E-03   1.0000         .10000E-04   1000.0    
 **********
 **    3 **SET ERR    .5000    
 **********
 **********
 **    4 **SET GRAD    1.000    
 **********
 **********
 **    5 **MINIMIZE    .3350E+05   2.000    
 **********

 FIRST CALL TO USER FUNCTION AT NEW START POINT, WITH IFLAG=4.
 START MIGRAD MINIMIZATION.  STRATEGY 1.  CONVERGENCE WHEN EDM .LT.  .20E-02

 FCN=   197.0624     FROM MIGRAD    STATUS=INITIATE       1 CALLS        2 TOTAL
                     EDM= unknown      STRATEGY= 1      NO ERROR MATRIX       

  EXT PARAMETER               CURRENT GUESS       STEP         FIRST   
  NO.   NAME        VALUE          ERROR          SIZE      DERIVATIVE 
   1  Normalizat    .54091        1.0000        .39045       -.41009    
   2  Integral      .15779E-03    1.0000        .31838E-01** at limit **
                               ERR DEF=  .500    
 NO ERROR MATRIX       

 FCN=   196.3213     FROM MIGRAD    STATUS=PROGRESS       6 CALLS        7 TOTAL
                     EDM=   .11E+03    STRATEGY= 1      NO ERROR MATRIX       

  EXT PARAMETER               CURRENT GUESS       STEP         FIRST   
  NO.   NAME        VALUE          ERROR          SIZE      DERIVATIVE 
   1  Normalizat    .54094        1.0000        .15690E-04   -1.3767    
   2  Integral      .16577E-04    1.0000       -.60667E-03** at limit **
                               ERR DEF=  .500    

 MIGRAD MINIMIZATION HAS CONVERGED.

 MIGRAD WILL VERIFY CONVERGENCE AND ERROR MATRIX.
   START COVARIANCE MATRIX CALCULATION.
 EIGENVALUES OF SECOND-DERIVATIVE MATRIX:
          .9332E+00   .1067E+01
 COVARIANCE MATRIX CALCULATED SUCCESSFULLY

 FCN=   196.1660     FROM MIGRAD    STATUS=CONVERGED     31 CALLS       32 TOTAL
                     EDM=   .52E-04    STRATEGY= 1      ERROR MATRIX ACCURATE 

  EXT PARAMETER                                   STEP         FIRST   
  NO.   NAME        VALUE          ERROR          SIZE      DERIVATIVE 
   1  Normalizat    .93002        .78457        .89466E-01    .20385E-01
   2  Integral      .10001E-04    .92064E-04    .18553E-03** at limit **
                               ERR DEF=  .500    

 EXTERNAL ERROR MATRIX.    NDIM= 100    NPAR=  2    ERR DEF=  .500    
   .633E+00 -.372E-07
  -.372E-07  .490E-12

 PARAMETER  CORRELATION COEFFICIENTS
       NO.  GLOBAL     1     2
        1   .06680  1.000 -.067
        2   .06680  -.067 1.000
Final values: 
  Normalizat = 0.930024
  Integral   = 1.00013e-05
 **********
 **    6 **HESSE 
 **********
   START COVARIANCE MATRIX CALCULATION.
 EIGENVALUES OF SECOND-DERIVATIVE MATRIX:
          .9998E+00   .1000E+01
 COVARIANCE MATRIX CALCULATED SUCCESSFULLY

 FCN=   196.1660     FROM HESSE     STATUS=OK            10 CALLS       42 TOTAL
                     EDM=   .49E-04    STRATEGY= 1      ERROR MATRIX ACCURATE 

  EXT PARAMETER                                INTERNAL      INTERNAL  
  NO.   NAME        VALUE          ERROR       STEP SIZE       VALUE   
   1  Normalizat    .93002        .78080        .39626E-03   -.98328    
   2  Integral      .10001E-04    .92770E-04    .41461E-05   -1.5708    
                                 WARNING -   - ABOVE PARAMETER IS AT LIMIT.
                               ERR DEF=  .500    

 EXTERNAL ERROR MATRIX.    NDIM= 100    NPAR=  2    ERR DEF=  .500    
   .627E+00  .989E-10
   .989E-10  .494E-12

 PARAMETER  CORRELATION COEFFICIENTS
       NO.  GLOBAL     1     2
        1   .00018  1.000  .000
        2   .00018   .000 1.000
Minuit fit quality: 3   estimated distance: 4.89403e-05
Minuit parameter uncertainties:
  1  0.79174
  2  7.02831e-07
Keeping point source 4FGL J0933.8-6232 (16.15 deg away)...
Keeping point source 4FGL J0938.9-6403 (15.24 deg away)...
Keeping point source 4FGL J0940.7-6105 (17.82 deg away)...
Keeping point source 4FGL J1058.6-8003 (13.04 deg away)...
Keeping point source 4FGL J1036.5-8318 (12.77 deg away)...
Keeping point source 4FGL J0756.3-6431 (9.69 deg away)...
Keeping point source 4FGL J0823.1-6330 (11.55 deg away)...
Keeping point source 4FGL J0826.4-6404 (11.15 deg away)...
Keeping point source 4FGL J0516.1-7240 (9.14 deg away)...
Keeping point source 4FGL J0529.3-7243 (8.20 deg away)...
Keeping point source 4FGL J0541.4-7334 (7.11 deg away)...
Keeping point source 4FGL J0601.1-7035 (7.00 deg away)...
Keeping point source 4FGL J0601.3-7238 (6.01 deg away)...
Keeping point source 4FGL J0900.6-7408 (6.69 deg away)...
Keeping point source 4FGL J0931.2-8533 (12.68 deg away)...
Keeping point source 4FGL J1027.0-8542 (13.59 deg away)...
Keeping point source 4FGL J1030.2-8403 (12.88 deg away)...
Keeping point source 4FGL J0436.7-7148 (12.22 deg away)...
Keeping point source 4FGL J0438.0-7329 (11.42 deg away)...
Keeping point source 4FGL J0743.0-5622 (17.51 deg away)...
Kept 100 point sources from the FGL catalog
time -p gtdiffrsp evfile=/home/biswa/test/FT1_filt.fits evtable="EVENTS" scfile=/home/biswa/test/sc.fits sctable="SC_DATA" srcmdl=GRB_model.xml irfs="P8R3_TRANSIENT010E_V3" evclsmin="INDEF" evclass="INDEF" evtype="INDEF" convert=no chatter=2 clobber=yes debug=no gui=no mode="ql"
adding source 4FGL J0500.9-6945e
adding source 4FGL J0519.9-6845e
adding source 4FGL J0530.0-6900e
adding source 4FGL J0531.8-6639e
adding source GalacticTemplate
adding source IsotropicTemplate
Working on...
/home/biswa/test/FT1_filt.fits....................!
real 24.09
user 23.87
sys 0.88
Loading python Likelihood interface...
Galactic template is fixed, not using any prior on it.

Likelihood settings:

Event file(s): /home/biswa/test/FT1_filt.fits
Spacecraft file(s): /home/biswa/test/sc.fits
Exposure map: FT1_expMap.fits
Exposure cube: FT1_ltCube.fits
IRFs: P8R3_TRANSIENT010E_V3
Source model file: GRB_model.xml
Optimizer: Minuit

Performing likelihood fit...
Data  20.0
srcName  0.00014110927360498285
srcName  0.0007667425923843142
srcName  0.0003752155527117535
srcName  0.0003130947312720847
srcName  1.1080136907169342e-05
srcName  1.6526668875493445e-05
srcName  0.00019725139402801517
srcName  8.85321313337848e-05
srcName  0.0006451340440059853
srcName  0.00039810252545678204
srcName  0.0003083173376359419
srcName  0.0004934979677783976
srcName  0.00041880270193300875
srcName  0.0004274560580480499
srcName  2.3426410991035993e-05
srcName  0.00047349433795170354
srcName  0.00012819214779958446
srcName  0.0005896470291340457
srcName  0.004161696074338902
srcName  0.0008145062003703863
srcName  0.02639858691675484
srcName  0.00019134627022107954
srcName  0.0008529263830758441
srcName  5.2312434029491557e-05
srcName  0.006889457522044233
srcName  0.013888778040352635
srcName  0.0002827561289572215
srcName  0.001025045834188079
srcName  0.0007585887127698278
srcName  0.00048087172396141497
srcName  0.005492483467712884
srcName  0.004854624219674838
srcName  0.0001559363775098351
srcName  0.0043411534204279715
srcName  0.02720542013589879
srcName  0.0049443360971955595
srcName  0.00045832770200385676
srcName  0.02224728761857829
srcName  0.06380507911509915
srcName  0.0077907671746407945
srcName  0.00022123193864351427
srcName  0.0008175383406943542
srcName  0.0005282240310917653
srcName  0.003086475114543191
srcName  0.0012627697527938866
srcName  0.3750287039325755
srcName  0.0030411010955061226
srcName  0.028205847707682582
srcName  0.0018600637529703388
srcName  0.00011652098469959185
srcName  0.000987503648182706
srcName  0.00047963131307504836
srcName  0.03694329686004111
srcName  9.391326704018691e-05
srcName  0.00018363129422939133
srcName  0.014617566223111916
srcName  0.018891341036750962
srcName  0.0037013864298231264
srcName  0.0023949841671550326
srcName  0.24621368634464252
srcName  0.0025288347997756803
srcName  0.005793931455149033
srcName  0.00030886346974438975
srcName  0.05364922840183084
srcName  0.0008298430865504285
srcName  3.06265127138578e-05
srcName  7.721079170321904e-06
srcName  0.06860113102017137
srcName  0.24194092299945574
srcName  0.00010727350056447538
srcName  2.3913722376652653e-05
srcName  0.000501672032708777
srcName  0.0008378844054962848
srcName  0.0003288670347147903
srcName  0.0005146445489335789
srcName  0.00019864234571989245
srcName  0.02770648966055785
srcName  0.00021380944046584067
srcName  2.3257619492626414e-06
srcName  2.613196762202409e-05
srcName  0.0016740415577433736
srcName  1.7677937630292683e-05
srcName  0.00040281388618364775
srcName  0.001632344387100681
srcName  0.00031562159915044343
srcName  0.0006407137618279133
srcName  0.00015850831098981888
srcName  0.00016090533741771723
srcName  0.0004883917792498958
srcName  0.0002460402935230505
srcName  0.0004137601725361407
srcName  0.00023313035643058436
srcName  0.00011165734633801598
srcName  0.0022074646554184883
srcName  2.7956687815546748e-06
srcName  0.0002691991255009981
srcName  4.478514638603536e-05
srcName  0.0009033737941822135
srcName  8.509023444104705e-05
srcName  0.00036731757025586345
srcName  13.791654793544629
srcName  2.900349774222414
srcName  1.7073436097983992
Resid  20.0 19.75545989557911 -4.673665116137112
plotting bn221009553 spectrum
srcName  1.7073436097983992
Setting lower bound on normalization parameter to zero temporarily for upper limit calculation.
|--------------------|---------------|----------|  ----------|----------|------|
|         Source name|      Par. Name|     Value|       Error|     Units|    TS|
|--------------------|---------------|----------|------------|----------|------|
|4FGL J0635.6-7518   |               |          |            |          |     2|
|                    |      Prefactor|  5.81e-12|    2.98e-13|         -|      |
|                    |          Index|     -2.67|      0.0453|         -|      |
|                    |          Scale|       550|n.a. (fixed)|         -|      |
|                    |    Energy flux|  1.26e-11|           0| erg/cm2/s|      |
|                    |    Photon flux|  3.31e-08|           0| ph./cm2/s|      |
|GalacticTemplate    |               |          |            |          |     2|
|                    |          Value|         1|n.a. (fixed)|         -|      |
|                    |    Energy flux|  3.76e-07|           0| erg/cm2/s|      |
|                    |    Photon flux|   0.00052|           0| ph./cm2/s|      |
|IsotropicTemplate   |               |          |            |          |     1|
|                    |  Normalization|     0.541|        1.01|         -|      |
|                    |    Energy flux|  4.23e-08|    7.88e-08| erg/cm2/s|      |
|                    |    Photon flux|  8.57e-05|     0.00016| ph./cm2/s|      |
|bn221009553         |               |          |            |          |     1|
|                    |    Energy flux|<    3e-10|        n.a.| erg/cm2/s|      |
|                    |    Photon flux|< 4.02e-07|        n.a.| ph./cm2/s|      |
--------------------------------------------------------------------------------

*** plus 99 FGL sources with TS<1 (not printed to save space)
*** All fluxes and upper limits have been computed in the 100.0 - 10000.0 energy range.
*** Upper limits (if any) are computed assuming a photon index of -2.0, with the 95.0 % c.l.

Log(likelihood) = 195.9323783284723

Warning: no GRB in the model!
1e-13 1e-13 1.0 1.0
|times:	 9000.0 	 10000.0

Using 305 data

time -p gtselect infile=ph.fits outfile=FT1_filt.fits ra=110.847 dec=-73.7732 rad=10.0 tmin=463926049.176424 tmax=463927049.176424 emin=100.0 emax=10000.0 zmin=0.0 zmax=100.0 evclass=32 evtype=3 convtype=-1 phasemin=0.0 phasemax=1.0 evtable="EVENTS" chatter=2 clobber=yes debug=no gui=no mode="ql"
Done.
real 0.07
user 0.17
sys 0.39

Selected 7 events.
time -p gtbin evfile=FT1_filt.fits scfile=NONE outfile=FT1_skymap.fits algorithm="CMAP" ebinalg="LOG" emin=100.0 emax=10000.0 enumbins=37 denergy=0.0 ebinfile=NONE tbinalg="LIN" tstart=0.0 tstop=0.0 dtime=0.0 tbinfile=NONE snratio=0.0 lcemin=0.0 lcemax=0.0 nxpix=100 nypix=100 binsz=0.2 coordsys="CEL" xref=110.847 yref=-73.7732 axisrot=0.0 rafield="RA" decfield="DEC" proj="AIT" hpx_ordering_scheme="RING" hpx_order=3 hpx_ebin=yes hpx_region="" evtable="EVENTS" sctable="SC_DATA" efield="ENERGY" tfield="TIME" chatter=2 clobber=yes debug=no gui=no mode="ql"
This is gtbin version HEAD
gtbin: WARNING: No spacecraft file: EXPOSURE keyword will be set equal to ontime.
real 0.06
user 0.06
sys 0.00
time -p gtltcube evfile="FT1_filt.fits" evtable="EVENTS" scfile=sc.fits sctable="SC_DATA" outfile=FT1_ltCube.fits dcostheta=0.025 binsz=1.0 phibins=0 tmin=0.0 tmax=0.0 file_version="1" zmin=0.0 zmax=180.0 chatter=2 clobber=yes debug=no gui=no mode="ql"
Working on file sc.fits
...................................!
real 0.26
user 0.34
sys 0.55
time -p gtexpmap evfile=FT1_filt.fits evtable="EVENTS" scfile=sc.fits sctable="SC_DATA" expcube=FT1_ltCube.fits outfile=FT1_expMap.fits irfs="P8R3_TRANSIENT010E_V3" evtype="INDEF" srcrad=10.0 nlong=100 nlat=100 nenergies=25 submap=no nlongmin=0 nlongmax=0 nlatmin=0 nlatmax=0 chatter=2 clobber=yes debug=no gui=no mode="ql"
The exposure maps generated by this tool are meant
to be used for *unbinned* likelihood analysis only.
Do not use them for binned analyses.
The radius of the source region, 10, should be significantly larger (say by 10 deg) than the ROI radius of 5
Computing the ExposureMap using FT1_ltCube.fits
....................!
real 50.16
user 49.31
sys 1.50

Found Isotropic template for irf p8_transient010e: /home/biswa/anaconda3/envs/fermi/share/fermitools/refdata/fermi/galdiffuse/iso_P8R3_TRANSIENT010E_V3_v1.txt

Found Galactic template for IRF. p8_transient010e: /home/biswa/anaconda3/envs/fermi/share/fermitools/refdata/fermi/galdiffuse/gll_iem_v07.fits

Cutting the template around the ROI: 

addFGLsources( 110.847 -73.7732 18.0 GRB_model.xml 1000000000000.0 )
Keeping point source 4FGL J0358.0-6946 (15.98 deg away)...
Keeping point source 4FGL J0319.4-7045 (17.98 deg away)...
Keeping point source 4FGL J0353.0-6831 (17.12 deg away)...
Keeping point source 4FGL J0744.2-6918 (4.76 deg away)...
Keeping point source 4FGL J0719.1-7055 (2.86 deg away)...
Keeping point source 4FGL J0416.0-6628 (16.93 deg away)...
Keeping point source 4FGL J0427.8-6704 (15.68 deg away)...
Keeping point source 4FGL J0443.3-6652 (14.75 deg away)...
Keeping point source 4FGL J0509.9-6417 (14.90 deg away)...
Keeping point source 4FGL J0912.1-6449 (12.92 deg away)...
Keeping point source 4FGL J0642.9-6501 (9.42 deg away)...
Keeping point source 4FGL J0644.4-6712 (7.30 deg away)...
Keeping point source 4FGL J0659.6-6742 (6.36 deg away)...
Keeping point source 4FGL J0700.5-6610 (7.83 deg away)...
Keeping point source 4FGL J0524.7-8304 (10.75 deg away)...
Keeping point source 4FGL J0532.9-8325 (10.83 deg away)...
Keeping point source 4FGL J0533.0-8446 (11.84 deg away)...
Keeping point source 4FGL J0543.5-8741 (14.16 deg away)...
Keeping point source 4FGL J0439.6-8322 (12.01 deg away)...
Keeping point source 4FGL J0601.4-6057 (14.87 deg away)...
Keeping point source 4FGL J0608.1-6028 (15.02 deg away)...
Keeping point source 4FGL J0610.9-6054 (14.49 deg away)...
Keeping point source 4FGL J1130.5-7801 (14.83 deg away)...
Keeping point source 4FGL J1208.2-7810 (16.62 deg away)...
Keeping point source 4FGL J0622.4-6433 (10.62 deg away)...
Keeping point source 4FGL J0628.8-6250 (11.97 deg away)...
Keeping point source 4FGL J0647.7-6058 (13.21 deg away)...
('SpatialMap', True)
Keeping diffuse source 4FGL J0530.0-6900e (10.09 deg away) using template /home/biswa/anaconda3/envs/fermi/share/fermitools/data/pyBurstAnalysisGUI/templates/LMC-30DorWest.fits...
Keeping diffuse source 4FGL J0530.0-6900e (10.09 deg away) using spatial model SpatialMap...
('SpatialMap', True)
Keeping diffuse source 4FGL J0500.9-6945e (11.63 deg away) using template /home/biswa/anaconda3/envs/fermi/share/fermitools/data/pyBurstAnalysisGUI/templates/LMC-FarWest.fits...
Keeping diffuse source 4FGL J0500.9-6945e (11.63 deg away) using spatial model SpatialMap...
('SpatialMap', True)
Keeping diffuse source 4FGL J0519.9-6845e (10.94 deg away) using template /home/biswa/anaconda3/envs/fermi/share/fermitools/data/pyBurstAnalysisGUI/templates/LMC-Galaxy.fits...
Keeping diffuse source 4FGL J0519.9-6845e (10.94 deg away) using spatial model SpatialMap...
Keeping point source 4FGL J0524.8-6938 (10.04 deg away)...
Keeping point source 4FGL J0535.2-6736 (10.72 deg away)...
Keeping point source 4FGL J0537.8-6909 (9.46 deg away)...
Keeping point source 4FGL J0540.3-6920 (9.17 deg away)...
Keeping point source 4FGL J0511.4-6804 (11.97 deg away)...
Keeping point source 4FGL J0730.7-6602 (7.75 deg away)...
Keeping point source 4FGL J0739.8-6722 (6.55 deg away)...
Keeping point source 4FGL J0715.3-6828 (5.33 deg away)...
Keeping point source 4FGL J0658.1-5840 (15.29 deg away)...
Keeping point source 4FGL J0712.8-5637 (17.17 deg away)...
Keeping point source 4FGL J1224.7-8313 (15.89 deg away)...
Keeping point source 4FGL J1259.0-8148 (17.33 deg away)...
Keeping point source 4FGL J0313.6-7508 (16.01 deg away)...
Keeping point source 4FGL J0958.1-6753 (13.67 deg away)...
Keeping point source 4FGL J1348.5-8700 (16.81 deg away)...
Keeping point source 4FGL J0700.1-6311 (10.79 deg away)...
Keeping point source 4FGL J0712.0-6431 (9.30 deg away)...
Keeping point source 4FGL J0720.0-6237 (11.16 deg away)...
Keeping point source 4FGL J0940.3-7610 (9.05 deg away)...
Keeping point source 4FGL J0953.4-7659 (9.80 deg away)...
Keeping point source 4FGL J0734.4-7711 (3.48 deg away)...
Keeping point source 4FGL J0807.2-7630 (3.91 deg away)...
Keeping point source 4FGL J0811.0-7529 (3.59 deg away)...
Keeping point source 4FGL J0533.1-6119 (16.00 deg away)...
Keeping point source 4FGL J0507.7-6104 (17.72 deg away)...
Keeping point source 4FGL J0516.7-6207 (16.27 deg away)...
Keeping point source 4FGL J0525.6-6013 (17.39 deg away)...
Keeping point source 4FGL J1029.3-6657 (16.49 deg away)...
Keeping point source 4FGL J1035.4-6720 (16.65 deg away)...
Keeping point source 4FGL J1015.1-6353 (17.79 deg away)...
Keeping point source 4FGL J0836.6-6036 (14.82 deg away)...
Keeping point source 4FGL J0842.3-6053 (14.80 deg away)...
Keeping point source 4FGL J0855.0-6026 (15.81 deg away)...
('SpatialMap', True)
Keeping diffuse source 4FGL J0531.8-6639e (11.64 deg away) using template /home/biswa/anaconda3/envs/fermi/share/fermitools/data/pyBurstAnalysisGUI/templates/LMC-North.fits...
Keeping diffuse source 4FGL J0531.8-6639e (11.64 deg away) using spatial model SpatialMap...
Keeping point source 4FGL J0539.2-6333 (13.71 deg away)...
Keeping point source 4FGL J0802.1-5612 (17.99 deg away)...
Keeping point source 4FGL J0829.7-5856 (16.12 deg away)...
Keeping point source 4FGL J0540.0-7552 (7.02 deg away)...
Keeping point source 4FGL J0558.8-7459 (5.78 deg away)...
Keeping point source 4FGL J0635.6-7518 (3.53 deg away)...
Keeping point source 4FGL J0449.6-8100 (10.72 deg away)...
Keeping point source 4FGL J0224.0-7941 (16.72 deg away)...
Keeping point source 4FGL J0250.2-8224 (15.11 deg away)...
Keeping point source 4FGL J0303.3-7913 (15.14 deg away)...
Keeping point source 4FGL J0737.3-8247 (9.04 deg away)...
Keeping point source 4FGL J1136.8-7413 (16.65 deg away)...
Keeping point source 4FGL J0824.1-6004 (14.83 deg away)...
Keeping point source 4FGL J0807.0-6102 (13.35 deg away)...
Keeping point source 4FGL J0919.5-6203 (15.69 deg away)...
Keeping point source 4FGL J0921.7-6317 (14.78 deg away)...
Keeping point source 4FGL J0933.8-6232 (16.15 deg away)...
Keeping point source 4FGL J0938.9-6403 (15.24 deg away)...
Keeping point source 4FGL J0940.7-6105 (17.82 deg away)...
Keeping point source 4FGL J1058.6-8003 (13.04 deg away)...
Keeping point source 4FGL J1036.5-8318 (12.77 deg away)...
Keeping point source 4FGL J0756.3-6431 (9.69 deg away)...
Keeping point source 4FGL J0823.1-6330 (11.55 deg away)...
 **********
 **    1 **SET PRINT     .000    
 **********
 **********
 **    2 **SET NOWARN 
 **********

 PARAMETER DEFINITIONS:
    NO.   NAME         VALUE      STEP SIZE      LIMITS
     1 'Normalizat'    1.0000       1.0000         .10000       10.000    
     2 'Integral  '    .10000E-01   1.0000         .10000E-04   1000.0    
     3 'Index     '   -2.0000       1.0000        -6.0000       .10000E-01
 **********
 **    3 **SET ERR    .5000    
 **********
 **********
 **    4 **SET GRAD    1.000    
 **********
 **********
 **    5 **MINIMIZE    .3350E+05   2.000    
 **********

 MIGRAD MINIMIZATION HAS CONVERGED.

 MIGRAD WILL VERIFY CONVERGENCE AND ERROR MATRIX.

 MIGRAD MINIMIZATION HAS CONVERGED.

 MIGRAD WILL VERIFY CONVERGENCE AND ERROR MATRIX.

 FCN=   61.24721     FROM MIGRAD    STATUS=CONVERGED     83 CALLS       84 TOTAL
                     EDM=   .20E-05    STRATEGY= 1      ERROR MATRIX ACCURATE 

  EXT PARAMETER                                   STEP         FIRST   
  NO.   NAME        VALUE          ERROR          SIZE      DERIVATIVE 
   1  Normalizat    2.8885        1.9606        .34966E-03    .16561E-02
   2  Integral      .10003E-04    .20933E-02    .42230E-04** at limit **
   3  Index        -5.9998        5.1869        .36315E-01   -.20160E-04
                               ERR DEF=  .500    
Final values: 
  Normalizat = 2.88851
  Integral   = 1.00027e-05
  Index      = -5.99983
 **********
 **    6 **HESSE 
 **********

 FCN=   61.24721     FROM HESSE     STATUS=OK            16 CALLS      100 TOTAL
                     EDM=   .20E-05    STRATEGY= 1      ERROR MATRIX ACCURATE 

  EXT PARAMETER                                INTERNAL      INTERNAL  
  NO.   NAME        VALUE          ERROR       STEP SIZE       VALUE   
   1  Normalizat    2.8885        1.9595        .69933E-04   -.45189    
   2  Integral      .10003E-04    .20953E-02    .84461E-05   -1.5708    
                                 WARNING -   - ABOVE PARAMETER IS AT LIMIT.
   3  Index        -5.9998        5.1914        .72630E-02   -1.5815    
                               ERR DEF=  .500    
Minuit fit quality: 3   estimated distance: 2.04179e-06
Minuit parameter uncertainties:
  1  2.02893
  2  4.73418e-06
  3  0.744571
 **********
 **    1 **SET PRINT    2.000    
 **********
 **********
 **    2 **SET NOWARN 
 **********

 PARAMETER DEFINITIONS:
    NO.   NAME         VALUE      STEP SIZE      LIMITS
     1 'Normalizat'    2.8885       1.0000         .10000       10.000    
     2 'Integral  '    .10003E-04   1.0000         .10000E-04   1000.0    
 **********
 **    3 **SET ERR    .5000    
 **********
 **********
 **    4 **SET GRAD    1.000    
 **********
 **********
 **    5 **MINIMIZE    .3350E+05   2.000    
 **********

 FIRST CALL TO USER FUNCTION AT NEW START POINT, WITH IFLAG=4.
 START MIGRAD MINIMIZATION.  STRATEGY 1.  CONVERGENCE WHEN EDM .LT.  .20E-02

 FCN=   63.38846     FROM MIGRAD    STATUS=INITIATE       1 CALLS        2 TOTAL
                     EDM= unknown      STRATEGY= 1      NO ERROR MATRIX       

  EXT PARAMETER               CURRENT GUESS       STEP         FIRST   
  NO.   NAME        VALUE          ERROR          SIZE      DERIVATIVE 
   1  Normalizat    2.8885        1.0000        .22797        1.2602    
   2  Integral      .96367E-03    1.0000        .30667E-01    2433.4    
                               ERR DEF=  .500    
 NO ERROR MATRIX       

 FCN=   61.67062     FROM MIGRAD    STATUS=PROGRESS       5 CALLS        6 TOTAL
                     EDM=   .82E+03    STRATEGY= 1      NO ERROR MATRIX       

  EXT PARAMETER               CURRENT GUESS       STEP         FIRST   
  NO.   NAME        VALUE          ERROR          SIZE      DERIVATIVE 
   1  Normalizat    2.8881        1.0000       -.81864E-04    .34483    
   2  Integral      .21588E-03    1.0000       -.28606E-02** at limit **
                               ERR DEF=  .500    

 MIGRAD MINIMIZATION HAS CONVERGED.

 MIGRAD WILL VERIFY CONVERGENCE AND ERROR MATRIX.
   START COVARIANCE MATRIX CALCULATION.
 EIGENVALUES OF SECOND-DERIVATIVE MATRIX:
          .9636E+00   .1036E+01
 COVARIANCE MATRIX CALCULATED SUCCESSFULLY

 FCN=   61.26376     FROM MIGRAD    STATUS=CONVERGED     33 CALLS       34 TOTAL
                     EDM=   .15E-06    STRATEGY= 1      ERROR MATRIX ACCURATE 

  EXT PARAMETER                                   STEP         FIRST   
  NO.   NAME        VALUE          ERROR          SIZE      DERIVATIVE 
   1  Normalizat    2.8916        1.9611        .79040E-01   -.39703E-03
   2  Integral      .10000E-04    .26487E-03    .17829E-03** at limit **
                               ERR DEF=  .500    

 EXTERNAL ERROR MATRIX.    NDIM= 100    NPAR=  2    ERR DEF=  .500    
   .412E+01 -.137E-07
  -.137E-07  .343E-13

 PARAMETER  CORRELATION COEFFICIENTS
       NO.  GLOBAL     1     2
        1   .03639  1.000 -.036
        2   .03639  -.036 1.000
Final values: 
  Normalizat = 2.89155
  Integral   = 1e-05
 **********
 **    6 **HESSE 
 **********
   START COVARIANCE MATRIX CALCULATION.
 EIGENVALUES OF SECOND-DERIVATIVE MATRIX:
          .9993E+00   .1001E+01
 COVARIANCE MATRIX CALCULATED SUCCESSFULLY

 FCN=   61.26376     FROM HESSE     STATUS=OK            10 CALLS       44 TOTAL
                     EDM=   .15E-06    STRATEGY= 1      ERROR MATRIX ACCURATE 

  EXT PARAMETER                                INTERNAL      INTERNAL  
  NO.   NAME        VALUE          ERROR       STEP SIZE       VALUE   
   1  Normalizat    2.8916        1.9580        .34963E-03   -.45120    
   2  Integral      .10000E-04    .26505E-03    .39473E-05   -1.5708    
                                 WARNING -   - ABOVE PARAMETER IS AT LIMIT.
                               ERR DEF=  .500    

 EXTERNAL ERROR MATRIX.    NDIM= 100    NPAR=  2    ERR DEF=  .500    
   .411E+01 -.262E-09
  -.262E-09  .343E-13

 PARAMETER  CORRELATION COEFFICIENTS
       NO.  GLOBAL     1     2
        1   .00070  1.000 -.001
        2   .00070  -.001 1.000
Minuit fit quality: 3   estimated distance: 1.54572e-07
Minuit parameter uncertainties:
  1  2.02731
  2  1.85181e-07
Keeping point source 4FGL J0826.4-6404 (11.15 deg away)...
Keeping point source 4FGL J0516.1-7240 (9.14 deg away)...
Keeping point source 4FGL J0529.3-7243 (8.20 deg away)...
Keeping point source 4FGL J0541.4-7334 (7.11 deg away)...
Keeping point source 4FGL J0601.1-7035 (7.00 deg away)...
Keeping point source 4FGL J0601.3-7238 (6.01 deg away)...
Keeping point source 4FGL J0900.6-7408 (6.69 deg away)...
Keeping point source 4FGL J0931.2-8533 (12.68 deg away)...
Keeping point source 4FGL J1027.0-8542 (13.59 deg away)...
Keeping point source 4FGL J1030.2-8403 (12.88 deg away)...
Keeping point source 4FGL J0436.7-7148 (12.22 deg away)...
Keeping point source 4FGL J0438.0-7329 (11.42 deg away)...
Keeping point source 4FGL J0743.0-5622 (17.51 deg away)...
Kept 100 point sources from the FGL catalog
time -p gtdiffrsp evfile=/home/biswa/test/FT1_filt.fits evtable="EVENTS" scfile=/home/biswa/test/sc.fits sctable="SC_DATA" srcmdl=GRB_model.xml irfs="P8R3_TRANSIENT010E_V3" evclsmin="INDEF" evclass="INDEF" evtype="INDEF" convert=no chatter=2 clobber=yes debug=no gui=no mode="ql"
adding source 4FGL J0500.9-6945e
adding source 4FGL J0519.9-6845e
adding source 4FGL J0530.0-6900e
adding source 4FGL J0531.8-6639e
adding source GalacticTemplate
adding source IsotropicTemplate
Working on...
/home/biswa/test/FT1_filt.fits.......!
real 10.56
user 10.28
sys 0.95
Loading python Likelihood interface...
Galactic template is fixed, not using any prior on it.

Likelihood settings:

Event file(s): /home/biswa/test/FT1_filt.fits
Spacecraft file(s): /home/biswa/test/sc.fits
Exposure map: FT1_expMap.fits
Exposure cube: FT1_ltCube.fits
IRFs: P8R3_TRANSIENT010E_V3
Source model file: GRB_model.xml
Optimizer: Minuit

Performing likelihood fit...
Data  7.0
srcName  3.44460033509322e-05
srcName  0.00018075953162814416
srcName  9.323182117547202e-05
srcName  8.257549406962796e-05
srcName  2.946891236657672e-06
srcName  4.461021985631772e-06
srcName  5.476865647754571e-05
srcName  2.494502448670307e-05
srcName  0.00017844614510441654
srcName  0.00010701083412508433
srcName  8.140861441555063e-05
srcName  0.00011587814204445755
srcName  0.00011498323010882921
srcName  0.00010268622180809434
srcName  2.3426410991035993e-05
srcName  0.00013192957677226483
srcName  3.458299440666972e-05
srcName  0.00016134783977618912
srcName  0.0011097869536961019
srcName  0.00022098713257085207
srcName  0.02639858691675484
srcName  4.163906354270184e-05
srcName  0.00022831097711704135
srcName  1.4023751069964927e-05
srcName  0.0018699369337184819
srcName  0.013888778040352635
srcName  0.0002827561289572215
srcName  0.0002338021065968919
srcName  0.00016986766971426067
srcName  0.00013142924115238153
srcName  0.0014895661455014266
srcName  0.0012850300567444407
srcName  4.1835067433178285e-05
srcName  0.0010858035075396583
srcName  0.007285382209111374
srcName  0.001331162541883616
srcName  9.917116841629318e-05
srcName  0.005900817078591218
srcName  0.016972596492748546
srcName  0.002084455762717441
srcName  5.8208191752784274e-05
srcName  0.0002166641947292793
srcName  0.0001381575184382943
srcName  0.000815767207739122
srcName  0.00032274308210105556
srcName  0.09881673712651043
srcName  0.0007761116985477713
srcName  0.007216333495375622
srcName  0.00046969977527587417
srcName  2.896809958368519e-05
srcName  0.0002486334361329928
srcName  0.00011841505006758605
srcName  0.00915880815493969
srcName  2.1134340236836844e-05
srcName  4.5175025875217246e-05
srcName  0.00374383288454474
srcName  0.004760362490431979
srcName  0.0009047643576779441
srcName  0.0005732657870309223
srcName  0.05636284342694932
srcName  0.0005470103216076899
srcName  0.0013841617491126687
srcName  7.373246930524231e-05
srcName  0.01315187363007967
srcName  0.0001909173864846849
srcName  6.908259553229914e-06
srcName  1.6957414918903072e-06
srcName  0.014970449188790426
srcName  0.05225799028985752
srcName  2.3490944729781815e-05
srcName  5.291776104225508e-06
srcName  0.00010828196990447564
srcName  0.0001848891697403604
srcName  7.124793116696364e-05
srcName  0.00011089709883442927
srcName  4.1889049427941176e-05
srcName  0.005603446659163885
srcName  4.329572787861159e-05
srcName  4.942261575972048e-07
srcName  5.2938682895341516e-06
srcName  0.0003420205062906174
srcName  3.663384428141262e-06
srcName  7.827189355908032e-05
srcName  0.00032238269335360225
srcName  6.196457776692093e-05
srcName  0.00012387794103600703
srcName  3.0123541319393976e-05
srcName  2.999738683119392e-05
srcName  9.823702174474736e-05
srcName  4.462232426915765e-05
srcName  8.20283811984825e-05
srcName  4.3502548165459325e-05
srcName  2.1939135324135745e-05
srcName  0.0004190347574836449
srcName  5.263038908965369e-07
srcName  4.811649104762307e-05
srcName  8.09576946021128e-06
srcName  0.00017092456252626624
srcName  1.584222462073089e-05
srcName  7.271212026002853e-05
srcName  3.267233868655302
srcName  3.7330927534654115
srcName  0.027309387826106656
Resid  7.0 7.386929335712912 -10.91129381854816
plotting bn221009553 spectrum
srcName  0.027309387826106656
Setting lower bound on normalization parameter to zero temporarily for upper limit calculation.
|--------------------|---------------|----------|  ----------|----------|------|
|         Source name|      Par. Name|     Value|       Error|     Units|    TS|
|--------------------|---------------|----------|------------|----------|------|
|GalacticTemplate    |               |          |            |          |     0|
|                    |          Value|         1|n.a. (fixed)|         -|      |
|                    |    Energy flux|  3.76e-07|           0| erg/cm2/s|      |
|                    |    Photon flux|   0.00052|           0| ph./cm2/s|      |
|IsotropicTemplate   |               |          |            |          |     2|
|                    |  Normalization|      2.89|        2.03|         -|      |
|                    |    Energy flux|  2.26e-07|    1.59e-07| erg/cm2/s|      |
|                    |    Photon flux|  0.000458|    0.000321| ph./cm2/s|      |
|bn221009553         |               |          |            |          |     0|
|                    |    Energy flux|< 1.05e-09|        n.a.| erg/cm2/s|      |
|                    |    Photon flux|<  1.4e-06|        n.a.| ph./cm2/s|      |
--------------------------------------------------------------------------------

*** plus 100 FGL sources with TS<1 (not printed to save space)
*** All fluxes and upper limits have been computed in the 100.0 - 10000.0 energy range.
*** Upper limits (if any) are computed assuming a photon index of -2.0, with the 95.0 % c.l.

Log(likelihood) = 61.2472112663223

Warning: no GRB in the model!
1e-13 1e-13 1.0 1.0
